<?xml version="1.0" encoding="UTF-8"?>
<!-- Generated by org.testng.reporters.JUnitXMLReporter -->
<testsuite ignored="0" hostname="Ramya" failures="0" tests="4" name="Test" time="16.839" errors="0" timestamp="04 Feb 2024 17:17:38 GMT">
  <testcase classname="restAPIBDD.APIOperationsTest" name="GetOperation" time="7.762"/>
  <testcase classname="restAPIBDD.APIOperationsTest" name="GetOperationWithParams" time="3.914"/>
  <testcase classname="restAPIBDD.APIOperationsTest" name="GetOperationWithQuryParams1" time="3.654"/>
  <testcase classname="restAPIBDD.APIOperationsTest" name="PostOperationWithHashMap" time="1.372"/>
</testsuite> <!-- Test -->
